[debug] [2022-09-25T14:38:57.444Z] ----------------------------------------------------------------------
[debug] [2022-09-25T14:38:57.445Z] Command:       /Users/courtney/.nvm/versions/node/v16.16.0/bin/node /opt/homebrew/bin/firebase deploy
[debug] [2022-09-25T14:38:57.445Z] CLI Version:   11.4.0
[debug] [2022-09-25T14:38:57.445Z] Platform:      darwin
[debug] [2022-09-25T14:38:57.446Z] Node Version:  v16.16.0
[debug] [2022-09-25T14:38:57.450Z] Time:          Sun Sep 25 2022 09:38:57 GMT-0500 (Central Daylight Time)
[debug] [2022-09-25T14:38:57.450Z] ----------------------------------------------------------------------
[debug] 
[debug] [2022-09-25T14:38:57.451Z] >>> [apiv2][query] GET https://firebase-public.firebaseio.com/cli.json [none]
[debug] [2022-09-25T14:38:57.486Z] > command requires scopes: ["email","openid","https://www.googleapis.com/auth/cloudplatformprojects.readonly","https://www.googleapis.com/auth/firebase","https://www.googleapis.com/auth/cloud-platform"]
[debug] [2022-09-25T14:38:57.486Z] > authorizing via signed-in user (ccmcd2@gmail.com)
[debug] [2022-09-25T14:38:57.486Z] [iam] checking project wedding-website-6cbcd for permissions ["datastore.indexes.create","datastore.indexes.delete","datastore.indexes.list","datastore.indexes.update","firebase.projects.get","firebasehosting.sites.update"]
[debug] [2022-09-25T14:38:57.486Z] > refreshing access token with scopes: []
[debug] [2022-09-25T14:38:57.487Z] >>> [apiv2][query] POST https://www.googleapis.com/oauth2/v3/token [none]
[debug] [2022-09-25T14:38:57.487Z] >>> [apiv2][body] POST https://www.googleapis.com/oauth2/v3/token [omitted]
[debug] [2022-09-25T14:38:57.555Z] <<< [apiv2][status] POST https://www.googleapis.com/oauth2/v3/token 400
[debug] [2022-09-25T14:38:57.555Z] <<< [apiv2][body] POST https://www.googleapis.com/oauth2/v3/token [omitted]
[debug] [2022-09-25T14:38:57.555Z] >>> [apiv2][query] POST https://cloudresourcemanager.googleapis.com/v1/projects/wedding-website-6cbcd:testIamPermissions [none]
[debug] [2022-09-25T14:38:57.555Z] >>> [apiv2][(partial)header] POST https://cloudresourcemanager.googleapis.com/v1/projects/wedding-website-6cbcd:testIamPermissions x-goog-quota-user=projects/wedding-website-6cbcd
[debug] [2022-09-25T14:38:57.556Z] >>> [apiv2][body] POST https://cloudresourcemanager.googleapis.com/v1/projects/wedding-website-6cbcd:testIamPermissions {"permissions":["datastore.indexes.create","datastore.indexes.delete","datastore.indexes.list","datastore.indexes.update","firebase.projects.get","firebasehosting.sites.update"]}
[debug] [2022-09-25T14:38:57.561Z] <<< [apiv2][status] GET https://firebase-public.firebaseio.com/cli.json 200
[debug] [2022-09-25T14:38:57.561Z] <<< [apiv2][body] GET https://firebase-public.firebaseio.com/cli.json {"cloudBuildErrorAfter":1594252800000,"cloudBuildWarnAfter":1590019200000,"defaultNode10After":1594252800000,"minVersion":"3.0.5","node8DeploysDisabledAfter":1613390400000,"node8RuntimeDisabledAfter":1615809600000,"node8WarnAfter":1600128000000}
[debug] [2022-09-25T14:38:57.694Z] <<< [apiv2][status] POST https://cloudresourcemanager.googleapis.com/v1/projects/wedding-website-6cbcd:testIamPermissions 401
[debug] [2022-09-25T14:38:57.694Z] <<< [apiv2][body] POST https://cloudresourcemanager.googleapis.com/v1/projects/wedding-website-6cbcd:testIamPermissions {"error":{"code":401,"message":"Request had invalid authentication credentials. Expected OAuth 2 access token, login cookie or other valid authentication credential. See https://developers.google.com/identity/sign-in/web/devconsole-project.","status":"UNAUTHENTICATED","details":[{"@type":"type.googleapis.com/google.rpc.ErrorInfo","reason":"ACCESS_TOKEN_TYPE_UNSUPPORTED","metadata":{"method":"google.cloudresourcemanager.v1.Projects.TestIamPermissions","service":"cloudresourcemanager.googleapis.com"}}]}}
[debug] [2022-09-25T14:38:57.695Z] [iam] error while checking permissions, command may fail: FirebaseError: HTTP Error: 401, Request had invalid authentication credentials. Expected OAuth 2 access token, login cookie or other valid authentication credential. See https://developers.google.com/identity/sign-in/web/devconsole-project.
[debug] [2022-09-25T14:38:57.695Z] > refreshing access token with scopes: []
[debug] [2022-09-25T14:38:57.695Z] >>> [apiv2][query] POST https://www.googleapis.com/oauth2/v3/token [none]
[debug] [2022-09-25T14:38:57.695Z] >>> [apiv2][body] POST https://www.googleapis.com/oauth2/v3/token [omitted]
[debug] [2022-09-25T14:38:57.748Z] <<< [apiv2][status] POST https://www.googleapis.com/oauth2/v3/token 400
[debug] [2022-09-25T14:38:57.748Z] <<< [apiv2][body] POST https://www.googleapis.com/oauth2/v3/token [omitted]
[debug] [2022-09-25T14:38:57.749Z] >>> [apiv2][query] GET https://firebase.googleapis.com/v1beta1/projects/wedding-website-6cbcd [none]
[debug] [2022-09-25T14:38:57.877Z] <<< [apiv2][status] GET https://firebase.googleapis.com/v1beta1/projects/wedding-website-6cbcd 401
[debug] [2022-09-25T14:38:57.877Z] <<< [apiv2][body] GET https://firebase.googleapis.com/v1beta1/projects/wedding-website-6cbcd {"error":{"code":401,"message":"Request had invalid authentication credentials. Expected OAuth 2 access token, login cookie or other valid authentication credential. See https://developers.google.com/identity/sign-in/web/devconsole-project.","status":"UNAUTHENTICATED"}}
[debug] [2022-09-25T14:38:57.877Z] HTTP Error: 401, Request had invalid authentication credentials. Expected OAuth 2 access token, login cookie or other valid authentication credential. See https://developers.google.com/identity/sign-in/web/devconsole-project.
[debug] [2022-09-25T14:38:57.946Z] FirebaseError: HTTP Error: 401, Request had invalid authentication credentials. Expected OAuth 2 access token, login cookie or other valid authentication credential. See https://developers.google.com/identity/sign-in/web/devconsole-project.
    at responseToError (/Users/courtney/.config/yarn/global/node_modules/firebase-tools/lib/responseToError.js:49:12)
    at RetryOperation._fn (/Users/courtney/.config/yarn/global/node_modules/firebase-tools/lib/apiv2.js:288:77)
    at processTicksAndRejections (node:internal/process/task_queues:96:5)
[error] 
[error] Error: Failed to get Firebase project wedding-website-6cbcd. Please make sure the project exists and your account has permission to access it.
[debug] [2022-09-25T14:39:53.674Z] ----------------------------------------------------------------------
[debug] [2022-09-25T14:39:53.675Z] Command:       /Users/courtney/.nvm/versions/node/v16.16.0/bin/node /opt/homebrew/bin/firebase deploy
[debug] [2022-09-25T14:39:53.675Z] CLI Version:   11.4.0
[debug] [2022-09-25T14:39:53.675Z] Platform:      darwin
[debug] [2022-09-25T14:39:53.675Z] Node Version:  v16.16.0
[debug] [2022-09-25T14:39:53.679Z] Time:          Sun Sep 25 2022 09:39:53 GMT-0500 (Central Daylight Time)
[debug] [2022-09-25T14:39:53.680Z] ----------------------------------------------------------------------
[debug] 
[debug] [2022-09-25T14:39:53.711Z] > command requires scopes: ["email","openid","https://www.googleapis.com/auth/cloudplatformprojects.readonly","https://www.googleapis.com/auth/firebase","https://www.googleapis.com/auth/cloud-platform"]
[debug] [2022-09-25T14:39:53.711Z] > authorizing via signed-in user (ccmcd2@gmail.com)
[debug] [2022-09-25T14:39:53.711Z] [iam] checking project wedding-website-6cbcd for permissions ["datastore.indexes.create","datastore.indexes.delete","datastore.indexes.list","datastore.indexes.update","firebase.projects.get","firebasehosting.sites.update"]
[debug] [2022-09-25T14:39:53.712Z] > refreshing access token with scopes: []
[debug] [2022-09-25T14:39:53.713Z] >>> [apiv2][query] POST https://www.googleapis.com/oauth2/v3/token [none]
[debug] [2022-09-25T14:39:53.713Z] >>> [apiv2][body] POST https://www.googleapis.com/oauth2/v3/token [omitted]
[debug] [2022-09-25T14:39:53.812Z] <<< [apiv2][status] POST https://www.googleapis.com/oauth2/v3/token 400
[debug] [2022-09-25T14:39:53.812Z] <<< [apiv2][body] POST https://www.googleapis.com/oauth2/v3/token [omitted]
[debug] [2022-09-25T14:39:53.813Z] >>> [apiv2][query] POST https://cloudresourcemanager.googleapis.com/v1/projects/wedding-website-6cbcd:testIamPermissions [none]
[debug] [2022-09-25T14:39:53.813Z] >>> [apiv2][(partial)header] POST https://cloudresourcemanager.googleapis.com/v1/projects/wedding-website-6cbcd:testIamPermissions x-goog-quota-user=projects/wedding-website-6cbcd
[debug] [2022-09-25T14:39:53.813Z] >>> [apiv2][body] POST https://cloudresourcemanager.googleapis.com/v1/projects/wedding-website-6cbcd:testIamPermissions {"permissions":["datastore.indexes.create","datastore.indexes.delete","datastore.indexes.list","datastore.indexes.update","firebase.projects.get","firebasehosting.sites.update"]}
[debug] [2022-09-25T14:39:53.909Z] <<< [apiv2][status] POST https://cloudresourcemanager.googleapis.com/v1/projects/wedding-website-6cbcd:testIamPermissions 401
[debug] [2022-09-25T14:39:53.910Z] <<< [apiv2][body] POST https://cloudresourcemanager.googleapis.com/v1/projects/wedding-website-6cbcd:testIamPermissions {"error":{"code":401,"message":"Request had invalid authentication credentials. Expected OAuth 2 access token, login cookie or other valid authentication credential. See https://developers.google.com/identity/sign-in/web/devconsole-project.","status":"UNAUTHENTICATED","details":[{"@type":"type.googleapis.com/google.rpc.ErrorInfo","reason":"ACCESS_TOKEN_TYPE_UNSUPPORTED","metadata":{"method":"google.cloudresourcemanager.v1.Projects.TestIamPermissions","service":"cloudresourcemanager.googleapis.com"}}]}}
[debug] [2022-09-25T14:39:53.911Z] [iam] error while checking permissions, command may fail: FirebaseError: HTTP Error: 401, Request had invalid authentication credentials. Expected OAuth 2 access token, login cookie or other valid authentication credential. See https://developers.google.com/identity/sign-in/web/devconsole-project.
[debug] [2022-09-25T14:39:53.911Z] > refreshing access token with scopes: []
[debug] [2022-09-25T14:39:53.912Z] >>> [apiv2][query] POST https://www.googleapis.com/oauth2/v3/token [none]
[debug] [2022-09-25T14:39:53.912Z] >>> [apiv2][body] POST https://www.googleapis.com/oauth2/v3/token [omitted]
[debug] [2022-09-25T14:39:53.986Z] <<< [apiv2][status] POST https://www.googleapis.com/oauth2/v3/token 400
[debug] [2022-09-25T14:39:53.986Z] <<< [apiv2][body] POST https://www.googleapis.com/oauth2/v3/token [omitted]
[debug] [2022-09-25T14:39:53.988Z] >>> [apiv2][query] GET https://firebase.googleapis.com/v1beta1/projects/wedding-website-6cbcd [none]
[debug] [2022-09-25T14:39:54.118Z] <<< [apiv2][status] GET https://firebase.googleapis.com/v1beta1/projects/wedding-website-6cbcd 401
[debug] [2022-09-25T14:39:54.119Z] <<< [apiv2][body] GET https://firebase.googleapis.com/v1beta1/projects/wedding-website-6cbcd {"error":{"code":401,"message":"Request had invalid authentication credentials. Expected OAuth 2 access token, login cookie or other valid authentication credential. See https://developers.google.com/identity/sign-in/web/devconsole-project.","status":"UNAUTHENTICATED"}}
[debug] [2022-09-25T14:39:54.119Z] HTTP Error: 401, Request had invalid authentication credentials. Expected OAuth 2 access token, login cookie or other valid authentication credential. See https://developers.google.com/identity/sign-in/web/devconsole-project.
[debug] [2022-09-25T14:39:54.174Z] FirebaseError: HTTP Error: 401, Request had invalid authentication credentials. Expected OAuth 2 access token, login cookie or other valid authentication credential. See https://developers.google.com/identity/sign-in/web/devconsole-project.
    at responseToError (/Users/courtney/.config/yarn/global/node_modules/firebase-tools/lib/responseToError.js:49:12)
    at RetryOperation._fn (/Users/courtney/.config/yarn/global/node_modules/firebase-tools/lib/apiv2.js:288:77)
    at processTicksAndRejections (node:internal/process/task_queues:96:5)
[error] 
[error] Error: Failed to get Firebase project wedding-website-6cbcd. Please make sure the project exists and your account has permission to access it.
[debug] [2022-09-25T14:50:44.515Z] ----------------------------------------------------------------------
[debug] [2022-09-25T14:50:44.516Z] Command:       /Users/courtney/.nvm/versions/node/v16.16.0/bin/node /opt/homebrew/bin/firebase deploy
[debug] [2022-09-25T14:50:44.516Z] CLI Version:   11.4.0
[debug] [2022-09-25T14:50:44.516Z] Platform:      darwin
[debug] [2022-09-25T14:50:44.516Z] Node Version:  v16.16.0
[debug] [2022-09-25T14:50:44.519Z] Time:          Sun Sep 25 2022 09:50:44 GMT-0500 (Central Daylight Time)
[debug] [2022-09-25T14:50:44.519Z] ----------------------------------------------------------------------
[debug] 
[debug] [2022-09-25T14:50:44.547Z] > command requires scopes: ["email","openid","https://www.googleapis.com/auth/cloudplatformprojects.readonly","https://www.googleapis.com/auth/firebase","https://www.googleapis.com/auth/cloud-platform"]
[debug] [2022-09-25T14:50:44.547Z] > authorizing via signed-in user (ccmcd2@gmail.com)
[debug] [2022-09-25T14:50:44.547Z] [iam] checking project wedding-website-6cbcd for permissions ["datastore.indexes.create","datastore.indexes.delete","datastore.indexes.list","datastore.indexes.update","firebase.projects.get","firebasehosting.sites.update"]
[debug] [2022-09-25T14:50:44.548Z] > refreshing access token with scopes: []
[debug] [2022-09-25T14:50:44.549Z] >>> [apiv2][query] POST https://www.googleapis.com/oauth2/v3/token [none]
[debug] [2022-09-25T14:50:44.549Z] >>> [apiv2][body] POST https://www.googleapis.com/oauth2/v3/token [omitted]
[debug] [2022-09-25T14:50:44.641Z] <<< [apiv2][status] POST https://www.googleapis.com/oauth2/v3/token 400
[debug] [2022-09-25T14:50:44.641Z] <<< [apiv2][body] POST https://www.googleapis.com/oauth2/v3/token [omitted]
[debug] [2022-09-25T14:50:44.641Z] >>> [apiv2][query] POST https://cloudresourcemanager.googleapis.com/v1/projects/wedding-website-6cbcd:testIamPermissions [none]
[debug] [2022-09-25T14:50:44.641Z] >>> [apiv2][(partial)header] POST https://cloudresourcemanager.googleapis.com/v1/projects/wedding-website-6cbcd:testIamPermissions x-goog-quota-user=projects/wedding-website-6cbcd
[debug] [2022-09-25T14:50:44.641Z] >>> [apiv2][body] POST https://cloudresourcemanager.googleapis.com/v1/projects/wedding-website-6cbcd:testIamPermissions {"permissions":["datastore.indexes.create","datastore.indexes.delete","datastore.indexes.list","datastore.indexes.update","firebase.projects.get","firebasehosting.sites.update"]}
[debug] [2022-09-25T14:50:44.739Z] <<< [apiv2][status] POST https://cloudresourcemanager.googleapis.com/v1/projects/wedding-website-6cbcd:testIamPermissions 401
[debug] [2022-09-25T14:50:44.739Z] <<< [apiv2][body] POST https://cloudresourcemanager.googleapis.com/v1/projects/wedding-website-6cbcd:testIamPermissions {"error":{"code":401,"message":"Request had invalid authentication credentials. Expected OAuth 2 access token, login cookie or other valid authentication credential. See https://developers.google.com/identity/sign-in/web/devconsole-project.","status":"UNAUTHENTICATED","details":[{"@type":"type.googleapis.com/google.rpc.ErrorInfo","reason":"ACCESS_TOKEN_TYPE_UNSUPPORTED","metadata":{"service":"cloudresourcemanager.googleapis.com","method":"google.cloudresourcemanager.v1.Projects.TestIamPermissions"}}]}}
[debug] [2022-09-25T14:50:44.740Z] [iam] error while checking permissions, command may fail: FirebaseError: HTTP Error: 401, Request had invalid authentication credentials. Expected OAuth 2 access token, login cookie or other valid authentication credential. See https://developers.google.com/identity/sign-in/web/devconsole-project.
[debug] [2022-09-25T14:50:44.740Z] > refreshing access token with scopes: []
[debug] [2022-09-25T14:50:44.741Z] >>> [apiv2][query] POST https://www.googleapis.com/oauth2/v3/token [none]
[debug] [2022-09-25T14:50:44.741Z] >>> [apiv2][body] POST https://www.googleapis.com/oauth2/v3/token [omitted]
[debug] [2022-09-25T14:50:44.812Z] <<< [apiv2][status] POST https://www.googleapis.com/oauth2/v3/token 400
[debug] [2022-09-25T14:50:44.812Z] <<< [apiv2][body] POST https://www.googleapis.com/oauth2/v3/token [omitted]
[debug] [2022-09-25T14:50:44.813Z] >>> [apiv2][query] GET https://firebase.googleapis.com/v1beta1/projects/wedding-website-6cbcd [none]
[debug] [2022-09-25T14:50:44.931Z] <<< [apiv2][status] GET https://firebase.googleapis.com/v1beta1/projects/wedding-website-6cbcd 401
[debug] [2022-09-25T14:50:44.931Z] <<< [apiv2][body] GET https://firebase.googleapis.com/v1beta1/projects/wedding-website-6cbcd {"error":{"code":401,"message":"Request had invalid authentication credentials. Expected OAuth 2 access token, login cookie or other valid authentication credential. See https://developers.google.com/identity/sign-in/web/devconsole-project.","status":"UNAUTHENTICATED"}}
[debug] [2022-09-25T14:50:44.931Z] HTTP Error: 401, Request had invalid authentication credentials. Expected OAuth 2 access token, login cookie or other valid authentication credential. See https://developers.google.com/identity/sign-in/web/devconsole-project.
[debug] [2022-09-25T14:50:44.996Z] FirebaseError: HTTP Error: 401, Request had invalid authentication credentials. Expected OAuth 2 access token, login cookie or other valid authentication credential. See https://developers.google.com/identity/sign-in/web/devconsole-project.
    at responseToError (/Users/courtney/.config/yarn/global/node_modules/firebase-tools/lib/responseToError.js:49:12)
    at RetryOperation._fn (/Users/courtney/.config/yarn/global/node_modules/firebase-tools/lib/apiv2.js:288:77)
    at processTicksAndRejections (node:internal/process/task_queues:96:5)
[error] 
[error] Error: Failed to get Firebase project wedding-website-6cbcd. Please make sure the project exists and your account has permission to access it.
